<?xml version="1.0" encoding="UTF-8"?>
<!-- Generated by org.testng.reporters.JUnitReportReporter -->
<testsuite hostname="KMBN3126" failures="0" tests="1" name="com.runner.TestRunner" time="2.739" errors="0" timestamp="2021-07-14T11:46:25 IST" skipped="0">
  <testcase classname="com.runner.TestRunner" name="feature" time="2.739"/>
  <system-out/>
</testsuite> <!-- com.runner.TestRunner -->
